<?xml version="1.0" encoding="UTF-8"?>
<testng-results skipped="1" failed="0" ignored="0" total="1" passed="0">
  <reporter-output>
    <line>
      <![CDATA[<div "result">User Logs in with 880589404 , 12345 (UNDEFINED)</div>]]>
    </line>
    <line>
      <![CDATA[<div "result">User submits the generated TAN number in &quot;TAN_field&quot; (SKIPPED)</div>]]>
    </line>
    <line>
      <![CDATA[<div "result">User navigates to &quot;Persoenliche_Einstellungen&quot; (SKIPPED)</div>]]>
    </line>
    <line>
      <![CDATA[<div "result">clicks on &quot;Aendern&quot; (SKIPPED)</div>]]>
    </line>
    <line>
      <![CDATA[<div "result">User enters null in Straße, Hausnr. field (SKIPPED)</div>]]>
    </line>
    <line>
      <![CDATA[<div "result">User enters null in PLZ field (SKIPPED)</div>]]>
    </line>
    <line>
      <![CDATA[<div "result">User enters null in Ort field (SKIPPED)</div>]]>
    </line>
    <line>
      <![CDATA[<div "result">User selects Bitte auswaehlen in Branche Field (SKIPPED)</div>]]>
    </line>
    <line>
      <![CDATA[<div "result">User clicks on &quot;Weiter&quot; to continue (UNDEFINED)</div>]]>
    </line>
    <line>
      <![CDATA[<div "result">Verify error &quot;Bitte korrigieren Sie die folgenden Punkte:&quot; is displayed (UNDEFINED)</div>]]>
    </line>
    <line>
      <![CDATA[<div "result">Verify error messsages are displayed (SKIPPED)</div>]]>
    </line>
  </reporter-output>
  <suite name="Surefire suite" duration-ms="705" started-at="2019-08-08T09:12:05Z" finished-at="2019-08-08T09:12:06Z">
    <groups>
      <group name="cucumber">
        <method signature="AbstractTestNGCucumberTests.runScenario(cucumber.api.testng.PickleEventWrapper, cucumber.api.testng.CucumberFeatureWrapper)[pri:0, instance:Parallel01IT@604ed9f0]" name="runScenario" class="cucumber.api.testng.AbstractTestNGCucumberTests"/>
      </group> <!-- cucumber -->
    </groups>
    <test name="Surefire test" duration-ms="705" started-at="2019-08-08T09:12:05Z" finished-at="2019-08-08T09:12:06Z">
      <class name="Parallel01IT">
        <test-method status="PASS" signature="setUpClass()[pri:0, instance:Parallel01IT@604ed9f0]" name="setUpClass" is-config="true" duration-ms="359" started-at="2019-08-08T09:12:05Z" finished-at="2019-08-08T09:12:05Z">
          <reporter-output>
          </reporter-output>
        </test-method> <!-- setUpClass -->
        <test-method status="SKIP" signature="runScenario(cucumber.api.testng.PickleEventWrapper, cucumber.api.testng.CucumberFeatureWrapper)[pri:0, instance:Parallel01IT@604ed9f0]" name="runScenario" duration-ms="149" started-at="2019-08-08T09:12:05Z" description="Runs Cucumber Scenarios" data-provider="scenarios" finished-at="2019-08-08T09:12:06Z">
          <params>
            <param index="0">
              <value>
                <![CDATA["stammdaten_error_blankmandatoryfieldsVerify errors"]]>
              </value>
            </param>
            <param index="1">
              <value>
                <![CDATA["Stammdaten bestaetigen und aendern"]]>
              </value>
            </param>
          </params>
          <exception class="cucumber.runtime.CucumberException">
            <message>
              <![CDATA[There are undefined steps]]>
            </message>
            <full-stacktrace>
              <![CDATA[cucumber.runtime.CucumberException: There are undefined steps
at cucumber.api.testng.TestCaseResultListener.getError(TestCaseResultListener.java:56)
at cucumber.api.testng.TestNGCucumberRunner.runScenario(TestNGCucumberRunner.java:59)
at cucumber.api.testng.AbstractTestNGCucumberTests.runScenario(AbstractTestNGCucumberTests.java:22)
at sun.reflect.NativeMethodAccessorImpl.invoke0(Native Method)
at sun.reflect.NativeMethodAccessorImpl.invoke(NativeMethodAccessorImpl.java:62)
at sun.reflect.DelegatingMethodAccessorImpl.invoke(DelegatingMethodAccessorImpl.java:43)
at java.lang.reflect.Method.invoke(Method.java:483)
at org.testng.internal.MethodInvocationHelper.invokeMethod(MethodInvocationHelper.java:124)
at org.testng.internal.Invoker.invokeMethod(Invoker.java:583)
at org.testng.internal.Invoker.invokeTestMethod(Invoker.java:719)
at org.testng.internal.Invoker.invokeTestMethods(Invoker.java:989)
at org.testng.internal.TestMethodWorker.invokeTestMethods(TestMethodWorker.java:125)
at org.testng.internal.TestMethodWorker.run(TestMethodWorker.java:109)
at org.testng.TestRunner.privateRun(TestRunner.java:648)
at org.testng.TestRunner.run(TestRunner.java:505)
at org.testng.SuiteRunner.runTest(SuiteRunner.java:455)
at org.testng.SuiteRunner.runSequentially(SuiteRunner.java:450)
at org.testng.SuiteRunner.privateRun(SuiteRunner.java:415)
at org.testng.SuiteRunner.run(SuiteRunner.java:364)
at org.testng.SuiteRunnerWorker.runSuite(SuiteRunnerWorker.java:52)
at org.testng.SuiteRunnerWorker.run(SuiteRunnerWorker.java:84)
at org.testng.TestNG.runSuitesSequentially(TestNG.java:1208)
at org.testng.TestNG.runSuitesLocally(TestNG.java:1137)
at org.testng.TestNG.runSuites(TestNG.java:1049)
at org.testng.TestNG.run(TestNG.java:1017)
at org.apache.maven.surefire.testng.TestNGExecutor.run(TestNGExecutor.java:135)
at org.apache.maven.surefire.testng.TestNGDirectoryTestSuite.executeSingleClass(TestNGDirectoryTestSuite.java:112)
at org.apache.maven.surefire.testng.TestNGDirectoryTestSuite.executeLazy(TestNGDirectoryTestSuite.java:123)
at org.apache.maven.surefire.testng.TestNGDirectoryTestSuite.execute(TestNGDirectoryTestSuite.java:90)
at org.apache.maven.surefire.testng.TestNGProvider.invoke(TestNGProvider.java:146)
at org.apache.maven.surefire.booter.ForkedBooter.invokeProviderInSameClassLoader(ForkedBooter.java:383)
at org.apache.maven.surefire.booter.ForkedBooter.runSuitesInProcess(ForkedBooter.java:344)
at org.apache.maven.surefire.booter.ForkedBooter.execute(ForkedBooter.java:125)
at org.apache.maven.surefire.booter.ForkedBooter.main(ForkedBooter.java:417)
]]>
            </full-stacktrace>
          </exception> <!-- cucumber.runtime.CucumberException -->
          <reporter-output>
            <line>
              <![CDATA[<div "result">User Logs in with 880589404 , 12345 (UNDEFINED)</div>]]>
            </line>
            <line>
              <![CDATA[<div "result">User submits the generated TAN number in &quot;TAN_field&quot; (SKIPPED)</div>]]>
            </line>
            <line>
              <![CDATA[<div "result">User navigates to &quot;Persoenliche_Einstellungen&quot; (SKIPPED)</div>]]>
            </line>
            <line>
              <![CDATA[<div "result">clicks on &quot;Aendern&quot; (SKIPPED)</div>]]>
            </line>
            <line>
              <![CDATA[<div "result">User enters null in Straße, Hausnr. field (SKIPPED)</div>]]>
            </line>
            <line>
              <![CDATA[<div "result">User enters null in PLZ field (SKIPPED)</div>]]>
            </line>
            <line>
              <![CDATA[<div "result">User enters null in Ort field (SKIPPED)</div>]]>
            </line>
            <line>
              <![CDATA[<div "result">User selects Bitte auswaehlen in Branche Field (SKIPPED)</div>]]>
            </line>
            <line>
              <![CDATA[<div "result">User clicks on &quot;Weiter&quot; to continue (UNDEFINED)</div>]]>
            </line>
            <line>
              <![CDATA[<div "result">Verify error &quot;Bitte korrigieren Sie die folgenden Punkte:&quot; is displayed (UNDEFINED)</div>]]>
            </line>
            <line>
              <![CDATA[<div "result">Verify error messsages are displayed (SKIPPED)</div>]]>
            </line>
          </reporter-output>
        </test-method> <!-- runScenario -->
        <test-method status="PASS" signature="tearDownClass()[pri:0, instance:Parallel01IT@604ed9f0]" name="tearDownClass" is-config="true" duration-ms="15" started-at="2019-08-08T09:12:06Z" finished-at="2019-08-08T09:12:06Z">
          <reporter-output>
          </reporter-output>
        </test-method> <!-- tearDownClass -->
      </class> <!-- Parallel01IT -->
    </test> <!-- Surefire test -->
  </suite> <!-- Surefire suite -->
</testng-results>
